This is pdfTeX, Version 3.14159265-2.6-1.40.19 (TeX Live 2018/Arch Linux) (preloaded format=pdflatex 2018.11.28)  9 JAN 2019 14:43
entering extended mode
 restricted \write18 enabled.
 %&-line parsing enabled.
**main.tex
(./main.tex
LaTeX2e <2018-04-01> patch level 5
(/usr/share/texmf-dist/tex/latex/base/report.cls
Document Class: report 2014/09/29 v1.4h Standard LaTeX document class
(/usr/share/texmf-dist/tex/latex/base/size12.clo
File: size12.clo 2014/09/29 v1.4h Standard LaTeX file (size option)
)
\c@part=\count80
\c@chapter=\count81
\c@section=\count82
\c@subsection=\count83
\c@subsubsection=\count84
\c@paragraph=\count85
\c@subparagraph=\count86
\c@figure=\count87
\c@table=\count88
\abovecaptionskip=\skip41
\belowcaptionskip=\skip42
\bibindent=\dimen102
)
(/usr/share/texmf-dist/tex/latex/base/inputenc.sty
Package: inputenc 2018/04/06 v1.3b Input encoding file
\inpenc@prehook=\toks14
\inpenc@posthook=\toks15
)
(/usr/share/texmf-dist/tex/latex/base/fontenc.sty
Package: fontenc 2017/04/05 v2.0i Standard LaTeX package

(/usr/share/texmf-dist/tex/latex/base/t1enc.def
File: t1enc.def 2017/04/05 v2.0i Standard LaTeX file
LaTeX Font Info:    Redeclaring font encoding T1 on input line 48.
))
(/usr/share/texmf-dist/tex/latex/psnfss/times.sty
Package: times 2005/04/12 PSNFSS-v9.2a (SPQR) 
)
(/usr/share/texmf-dist/tex/latex/csquotes/csquotes.sty
Package: csquotes 2018/04/13 v5.2d context-sensitive quotations (JAW)

(/usr/share/texmf-dist/tex/latex/etoolbox/etoolbox.sty
Package: etoolbox 2018/08/19 v2.5f e-TeX tools for LaTeX (JAW)
\etb@tempcnta=\count89
)
(/usr/share/texmf-dist/tex/latex/graphics/keyval.sty
Package: keyval 2014/10/28 v1.15 key=value parser (DPC)
\KV@toks@=\toks16
)
\csq@reset=\count90
\csq@gtype=\count91
\csq@glevel=\count92
\csq@qlevel=\count93
\csq@maxlvl=\count94
\csq@tshold=\count95
\csq@ltx@everypar=\toks17

(/usr/share/texmf-dist/tex/latex/csquotes/csquotes.def
File: csquotes.def 2018/04/13 v5.2d csquotes generic definitions (JAW)
)
Package csquotes Info: Trying to load configuration file 'csquotes.cfg'...
Package csquotes Info: ... configuration file loaded successfully.

(/usr/share/texmf-dist/tex/latex/csquotes/csquotes.cfg
File: csquotes.cfg 
)
Package csquotes Info: Enabling multilingual quotes.
)
(/usr/share/texmf-dist/tex/latex/amsmath/amsmath.sty
Package: amsmath 2017/09/02 v2.17a AMS math features
\@mathmargin=\skip43

For additional information on amsmath, use the `?' option.
(/usr/share/texmf-dist/tex/latex/amsmath/amstext.sty
Package: amstext 2000/06/29 v2.01 AMS text

(/usr/share/texmf-dist/tex/latex/amsmath/amsgen.sty
File: amsgen.sty 1999/11/30 v2.0 generic functions
\@emptytoks=\toks18
\ex@=\dimen103
))
(/usr/share/texmf-dist/tex/latex/amsmath/amsbsy.sty
Package: amsbsy 1999/11/29 v1.2d Bold Symbols
\pmbraise@=\dimen104
)
(/usr/share/texmf-dist/tex/latex/amsmath/amsopn.sty
Package: amsopn 2016/03/08 v2.02 operator names
)
\inf@bad=\count96
LaTeX Info: Redefining \frac on input line 213.
\uproot@=\count97
\leftroot@=\count98
LaTeX Info: Redefining \overline on input line 375.
\classnum@=\count99
\DOTSCASE@=\count100
LaTeX Info: Redefining \ldots on input line 472.
LaTeX Info: Redefining \dots on input line 475.
LaTeX Info: Redefining \cdots on input line 596.
\Mathstrutbox@=\box26
\strutbox@=\box27
\big@size=\dimen105
LaTeX Font Info:    Redeclaring font encoding OML on input line 712.
LaTeX Font Info:    Redeclaring font encoding OMS on input line 713.
\macc@depth=\count101
\c@MaxMatrixCols=\count102
\dotsspace@=\muskip10
\c@parentequation=\count103
\dspbrk@lvl=\count104
\tag@help=\toks19
\row@=\count105
\column@=\count106
\maxfields@=\count107
\andhelp@=\toks20
\eqnshift@=\dimen106
\alignsep@=\dimen107
\tagshift@=\dimen108
\tagwidth@=\dimen109
\totwidth@=\dimen110
\lineht@=\dimen111
\@envbody=\toks21
\multlinegap=\skip44
\multlinetaggap=\skip45
\mathdisplay@stack=\toks22
LaTeX Info: Redefining \[ on input line 2817.
LaTeX Info: Redefining \] on input line 2818.
)
(/usr/share/texmf-dist/tex/latex/graphics/graphicx.sty
Package: graphicx 2017/06/01 v1.1a Enhanced LaTeX Graphics (DPC,SPQR)

(/usr/share/texmf-dist/tex/latex/graphics/graphics.sty
Package: graphics 2017/06/25 v1.2c Standard LaTeX Graphics (DPC,SPQR)

(/usr/share/texmf-dist/tex/latex/graphics/trig.sty
Package: trig 2016/01/03 v1.10 sin cos tan (DPC)
)
(/usr/share/texmf-dist/tex/latex/graphics-cfg/graphics.cfg
File: graphics.cfg 2016/06/04 v1.11 sample graphics configuration
)
Package graphics Info: Driver file: pdftex.def on input line 99.

(/usr/share/texmf-dist/tex/latex/graphics-def/pdftex.def
File: pdftex.def 2018/01/08 v1.0l Graphics/color driver for pdftex
))
\Gin@req@height=\dimen112
\Gin@req@width=\dimen113
)
(/usr/share/texmf-dist/tex/latex/titlesec/titlesec.sty
Package: titlesec 2016/03/21 v2.10.2 Sectioning titles
\ttl@box=\box28
\beforetitleunit=\skip46
\aftertitleunit=\skip47
\ttl@plus=\dimen114
\ttl@minus=\dimen115
\ttl@toksa=\toks23
\titlewidth=\dimen116
\titlewidthlast=\dimen117
\titlewidthfirst=\dimen118
)
(/usr/share/texmf-dist/tex/latex/titlesec/titletoc.sty
Package: titletoc 2011/12/15 v1.6 TOC entries
\ttl@leftsep=\dimen119
)
(/usr/share/texmf-dist/tex/latex/geometry/geometry.sty
Package: geometry 2018/04/16 v5.8 Page Geometry

(/usr/share/texmf-dist/tex/generic/oberdiek/ifpdf.sty
Package: ifpdf 2017/03/15 v3.2 Provides the ifpdf switch
)
(/usr/share/texmf-dist/tex/generic/oberdiek/ifvtex.sty
Package: ifvtex 2016/05/16 v1.6 Detect VTeX and its facilities (HO)
Package ifvtex Info: VTeX not detected.
)
(/usr/share/texmf-dist/tex/generic/ifxetex/ifxetex.sty
Package: ifxetex 2010/09/12 v0.6 Provides ifxetex conditional
)
\Gm@cnth=\count108
\Gm@cntv=\count109
\c@Gm@tempcnt=\count110
\Gm@bindingoffset=\dimen120
\Gm@wd@mp=\dimen121
\Gm@odd@mp=\dimen122
\Gm@even@mp=\dimen123
\Gm@layoutwidth=\dimen124
\Gm@layoutheight=\dimen125
\Gm@layouthoffset=\dimen126
\Gm@layoutvoffset=\dimen127
\Gm@dimlist=\toks24
)
(/usr/share/texmf-dist/tex/latex/setspace/setspace.sty
Package: setspace 2011/12/19 v6.7a set line spacing
)
(/usr/share/texmf-dist/tex/latex/caption/caption.sty
Package: caption 2018/05/01 v3.3-147 Customizing captions (AR)

(/usr/share/texmf-dist/tex/latex/caption/caption3.sty
Package: caption3 2018/05/27 v1.8a caption3 kernel (AR)
Package caption3 Info: TeX engine: e-TeX on input line 64.
\captionmargin=\dimen128
\captionmargin@=\dimen129
\captionwidth=\dimen130
\caption@tempdima=\dimen131
\caption@indent=\dimen132
\caption@parindent=\dimen133
\caption@hangindent=\dimen134
)
\c@ContinuedFloat=\count111
)
(/usr/share/texmf-dist/tex/latex/pgf/frontendlayer/tikz.sty
(/usr/share/texmf-dist/tex/latex/pgf/basiclayer/pgf.sty
(/usr/share/texmf-dist/tex/latex/pgf/utilities/pgfrcs.sty
(/usr/share/texmf-dist/tex/generic/pgf/utilities/pgfutil-common.tex
\pgfutil@everybye=\toks25
\pgfutil@tempdima=\dimen135
\pgfutil@tempdimb=\dimen136

(/usr/share/texmf-dist/tex/generic/pgf/utilities/pgfutil-common-lists.tex))
(/usr/share/texmf-dist/tex/generic/pgf/utilities/pgfutil-latex.def
\pgfutil@abb=\box29

(/usr/share/texmf-dist/tex/latex/ms/everyshi.sty
Package: everyshi 2001/05/15 v3.00 EveryShipout Package (MS)
))
(/usr/share/texmf-dist/tex/generic/pgf/utilities/pgfrcs.code.tex
Package: pgfrcs 2015/08/07 v3.0.1a (rcs-revision 1.31)
))
Package: pgf 2015/08/07 v3.0.1a (rcs-revision 1.15)

(/usr/share/texmf-dist/tex/latex/pgf/basiclayer/pgfcore.sty
(/usr/share/texmf-dist/tex/latex/pgf/systemlayer/pgfsys.sty
(/usr/share/texmf-dist/tex/generic/pgf/systemlayer/pgfsys.code.tex
Package: pgfsys 2014/07/09 v3.0.1a (rcs-revision 1.48)

(/usr/share/texmf-dist/tex/generic/pgf/utilities/pgfkeys.code.tex
\pgfkeys@pathtoks=\toks26
\pgfkeys@temptoks=\toks27

(/usr/share/texmf-dist/tex/generic/pgf/utilities/pgfkeysfiltered.code.tex
\pgfkeys@tmptoks=\toks28
))
\pgf@x=\dimen137
\pgf@y=\dimen138
\pgf@xa=\dimen139
\pgf@ya=\dimen140
\pgf@xb=\dimen141
\pgf@yb=\dimen142
\pgf@xc=\dimen143
\pgf@yc=\dimen144
\w@pgf@writea=\write3
\r@pgf@reada=\read1
\c@pgf@counta=\count112
\c@pgf@countb=\count113
\c@pgf@countc=\count114
\c@pgf@countd=\count115
\t@pgf@toka=\toks29
\t@pgf@tokb=\toks30
\t@pgf@tokc=\toks31

(/usr/share/texmf-dist/tex/generic/pgf/systemlayer/pgf.cfg
File: pgf.cfg 2008/05/14  (rcs-revision 1.7)
)
Driver file for pgf: pgfsys-pdftex.def

(/usr/share/texmf-dist/tex/generic/pgf/systemlayer/pgfsys-pdftex.def
File: pgfsys-pdftex.def 2014/10/11  (rcs-revision 1.35)

(/usr/share/texmf-dist/tex/generic/pgf/systemlayer/pgfsys-common-pdf.def
File: pgfsys-common-pdf.def 2013/10/10  (rcs-revision 1.13)
)))
(/usr/share/texmf-dist/tex/generic/pgf/systemlayer/pgfsyssoftpath.code.tex
File: pgfsyssoftpath.code.tex 2013/09/09  (rcs-revision 1.9)
\pgfsyssoftpath@smallbuffer@items=\count116
\pgfsyssoftpath@bigbuffer@items=\count117
)
(/usr/share/texmf-dist/tex/generic/pgf/systemlayer/pgfsysprotocol.code.tex
File: pgfsysprotocol.code.tex 2006/10/16  (rcs-revision 1.4)
))
(/usr/share/texmf-dist/tex/latex/xcolor/xcolor.sty
Package: xcolor 2016/05/11 v2.12 LaTeX color extensions (UK)

(/usr/share/texmf-dist/tex/latex/graphics-cfg/color.cfg
File: color.cfg 2016/01/02 v1.6 sample color configuration
)
Package xcolor Info: Driver file: pdftex.def on input line 225.
Package xcolor Info: Model `cmy' substituted by `cmy0' on input line 1348.
Package xcolor Info: Model `hsb' substituted by `rgb' on input line 1352.
Package xcolor Info: Model `RGB' extended on input line 1364.
Package xcolor Info: Model `HTML' substituted by `rgb' on input line 1366.
Package xcolor Info: Model `Hsb' substituted by `hsb' on input line 1367.
Package xcolor Info: Model `tHsb' substituted by `hsb' on input line 1368.
Package xcolor Info: Model `HSB' substituted by `hsb' on input line 1369.
Package xcolor Info: Model `Gray' substituted by `gray' on input line 1370.
Package xcolor Info: Model `wave' substituted by `hsb' on input line 1371.
)
(/usr/share/texmf-dist/tex/generic/pgf/basiclayer/pgfcore.code.tex
Package: pgfcore 2010/04/11 v3.0.1a (rcs-revision 1.7)

(/usr/share/texmf-dist/tex/generic/pgf/math/pgfmath.code.tex
(/usr/share/texmf-dist/tex/generic/pgf/math/pgfmathcalc.code.tex
(/usr/share/texmf-dist/tex/generic/pgf/math/pgfmathutil.code.tex)
(/usr/share/texmf-dist/tex/generic/pgf/math/pgfmathparser.code.tex
\pgfmath@dimen=\dimen145
\pgfmath@count=\count118
\pgfmath@box=\box30
\pgfmath@toks=\toks32
\pgfmath@stack@operand=\toks33
\pgfmath@stack@operation=\toks34
)
(/usr/share/texmf-dist/tex/generic/pgf/math/pgfmathfunctions.code.tex
(/usr/share/texmf-dist/tex/generic/pgf/math/pgfmathfunctions.basic.code.tex)
(/usr/share/texmf-dist/tex/generic/pgf/math/pgfmathfunctions.trigonometric.code
.tex)
(/usr/share/texmf-dist/tex/generic/pgf/math/pgfmathfunctions.random.code.tex)
(/usr/share/texmf-dist/tex/generic/pgf/math/pgfmathfunctions.comparison.code.te
x) (/usr/share/texmf-dist/tex/generic/pgf/math/pgfmathfunctions.base.code.tex)
(/usr/share/texmf-dist/tex/generic/pgf/math/pgfmathfunctions.round.code.tex)
(/usr/share/texmf-dist/tex/generic/pgf/math/pgfmathfunctions.misc.code.tex)
(/usr/share/texmf-dist/tex/generic/pgf/math/pgfmathfunctions.integerarithmetics
.code.tex))) (/usr/share/texmf-dist/tex/generic/pgf/math/pgfmathfloat.code.tex
\c@pgfmathroundto@lastzeros=\count119
)) (/usr/share/texmf-dist/tex/generic/pgf/basiclayer/pgfcorepoints.code.tex
File: pgfcorepoints.code.tex 2013/10/07  (rcs-revision 1.27)
\pgf@picminx=\dimen146
\pgf@picmaxx=\dimen147
\pgf@picminy=\dimen148
\pgf@picmaxy=\dimen149
\pgf@pathminx=\dimen150
\pgf@pathmaxx=\dimen151
\pgf@pathminy=\dimen152
\pgf@pathmaxy=\dimen153
\pgf@xx=\dimen154
\pgf@xy=\dimen155
\pgf@yx=\dimen156
\pgf@yy=\dimen157
\pgf@zx=\dimen158
\pgf@zy=\dimen159
)
(/usr/share/texmf-dist/tex/generic/pgf/basiclayer/pgfcorepathconstruct.code.tex
File: pgfcorepathconstruct.code.tex 2013/10/07  (rcs-revision 1.29)
\pgf@path@lastx=\dimen160
\pgf@path@lasty=\dimen161
) (/usr/share/texmf-dist/tex/generic/pgf/basiclayer/pgfcorepathusage.code.tex
File: pgfcorepathusage.code.tex 2014/11/02  (rcs-revision 1.24)
\pgf@shorten@end@additional=\dimen162
\pgf@shorten@start@additional=\dimen163
)
(/usr/share/texmf-dist/tex/generic/pgf/basiclayer/pgfcorescopes.code.tex
File: pgfcorescopes.code.tex 2015/05/08  (rcs-revision 1.46)
\pgfpic=\box31
\pgf@hbox=\box32
\pgf@layerbox@main=\box33
\pgf@picture@serial@count=\count120
)
(/usr/share/texmf-dist/tex/generic/pgf/basiclayer/pgfcoregraphicstate.code.tex
File: pgfcoregraphicstate.code.tex 2014/11/02  (rcs-revision 1.12)
\pgflinewidth=\dimen164
)
(/usr/share/texmf-dist/tex/generic/pgf/basiclayer/pgfcoretransformations.code.t
ex
File: pgfcoretransformations.code.tex 2015/08/07  (rcs-revision 1.20)
\pgf@pt@x=\dimen165
\pgf@pt@y=\dimen166
\pgf@pt@temp=\dimen167
) (/usr/share/texmf-dist/tex/generic/pgf/basiclayer/pgfcorequick.code.tex
File: pgfcorequick.code.tex 2008/10/09  (rcs-revision 1.3)
)
(/usr/share/texmf-dist/tex/generic/pgf/basiclayer/pgfcoreobjects.code.tex
File: pgfcoreobjects.code.tex 2006/10/11  (rcs-revision 1.2)
)
(/usr/share/texmf-dist/tex/generic/pgf/basiclayer/pgfcorepathprocessing.code.te
x
File: pgfcorepathprocessing.code.tex 2013/09/09  (rcs-revision 1.9)
) (/usr/share/texmf-dist/tex/generic/pgf/basiclayer/pgfcorearrows.code.tex
File: pgfcorearrows.code.tex 2015/05/14  (rcs-revision 1.43)
\pgfarrowsep=\dimen168
)
(/usr/share/texmf-dist/tex/generic/pgf/basiclayer/pgfcoreshade.code.tex
File: pgfcoreshade.code.tex 2013/07/15  (rcs-revision 1.15)
\pgf@max=\dimen169
\pgf@sys@shading@range@num=\count121
)
(/usr/share/texmf-dist/tex/generic/pgf/basiclayer/pgfcoreimage.code.tex
File: pgfcoreimage.code.tex 2013/07/15  (rcs-revision 1.18)

(/usr/share/texmf-dist/tex/generic/pgf/basiclayer/pgfcoreexternal.code.tex
File: pgfcoreexternal.code.tex 2014/07/09  (rcs-revision 1.21)
\pgfexternal@startupbox=\box34
))
(/usr/share/texmf-dist/tex/generic/pgf/basiclayer/pgfcorelayers.code.tex
File: pgfcorelayers.code.tex 2013/07/18  (rcs-revision 1.7)
)
(/usr/share/texmf-dist/tex/generic/pgf/basiclayer/pgfcoretransparency.code.tex
File: pgfcoretransparency.code.tex 2013/09/30  (rcs-revision 1.5)
) (/usr/share/texmf-dist/tex/generic/pgf/basiclayer/pgfcorepatterns.code.tex
File: pgfcorepatterns.code.tex 2013/11/07  (rcs-revision 1.5)
)))
(/usr/share/texmf-dist/tex/generic/pgf/modules/pgfmoduleshapes.code.tex
File: pgfmoduleshapes.code.tex 2014/03/21  (rcs-revision 1.35)
\pgfnodeparttextbox=\box35
)
(/usr/share/texmf-dist/tex/generic/pgf/modules/pgfmoduleplot.code.tex
File: pgfmoduleplot.code.tex 2015/08/03  (rcs-revision 1.13)
)
(/usr/share/texmf-dist/tex/latex/pgf/compatibility/pgfcomp-version-0-65.sty
Package: pgfcomp-version-0-65 2007/07/03 v3.0.1a (rcs-revision 1.7)
\pgf@nodesepstart=\dimen170
\pgf@nodesepend=\dimen171
)
(/usr/share/texmf-dist/tex/latex/pgf/compatibility/pgfcomp-version-1-18.sty
Package: pgfcomp-version-1-18 2007/07/23 v3.0.1a (rcs-revision 1.1)
))
(/usr/share/texmf-dist/tex/latex/pgf/utilities/pgffor.sty
(/usr/share/texmf-dist/tex/latex/pgf/utilities/pgfkeys.sty
(/usr/share/texmf-dist/tex/generic/pgf/utilities/pgfkeys.code.tex))
(/usr/share/texmf-dist/tex/latex/pgf/math/pgfmath.sty
(/usr/share/texmf-dist/tex/generic/pgf/math/pgfmath.code.tex))
(/usr/share/texmf-dist/tex/generic/pgf/utilities/pgffor.code.tex
Package: pgffor 2013/12/13 v3.0.1a (rcs-revision 1.25)

(/usr/share/texmf-dist/tex/generic/pgf/math/pgfmath.code.tex)
\pgffor@iter=\dimen172
\pgffor@skip=\dimen173
\pgffor@stack=\toks35
\pgffor@toks=\toks36
))
(/usr/share/texmf-dist/tex/generic/pgf/frontendlayer/tikz/tikz.code.tex
Package: tikz 2015/08/07 v3.0.1a (rcs-revision 1.151)

(/usr/share/texmf-dist/tex/generic/pgf/libraries/pgflibraryplothandlers.code.te
x
File: pgflibraryplothandlers.code.tex 2013/08/31 v3.0.1a (rcs-revision 1.20)
\pgf@plot@mark@count=\count122
\pgfplotmarksize=\dimen174
)
\tikz@lastx=\dimen175
\tikz@lasty=\dimen176
\tikz@lastxsaved=\dimen177
\tikz@lastysaved=\dimen178
\tikzleveldistance=\dimen179
\tikzsiblingdistance=\dimen180
\tikz@figbox=\box36
\tikz@figbox@bg=\box37
\tikz@tempbox=\box38
\tikz@tempbox@bg=\box39
\tikztreelevel=\count123
\tikznumberofchildren=\count124
\tikznumberofcurrentchild=\count125
\tikz@fig@count=\count126
 (/usr/share/texmf-dist/tex/generic/pgf/modules/pgfmodulematrix.code.tex
File: pgfmodulematrix.code.tex 2013/09/17  (rcs-revision 1.8)
\pgfmatrixcurrentrow=\count127
\pgfmatrixcurrentcolumn=\count128
\pgf@matrix@numberofcolumns=\count129
)
\tikz@expandcount=\count130

(/usr/share/texmf-dist/tex/generic/pgf/frontendlayer/tikz/libraries/tikzlibrary
topaths.code.tex
File: tikzlibrarytopaths.code.tex 2008/06/17 v3.0.1a (rcs-revision 1.2)
))) (/usr/share/texmf-dist/tex/latex/tools/longtable.sty
Package: longtable 2014/10/28 v4.11 Multi-page Table package (DPC)
\LTleft=\skip48
\LTright=\skip49
\LTpre=\skip50
\LTpost=\skip51
\LTchunksize=\count131
\LTcapwidth=\dimen181
\LT@head=\box40
\LT@firsthead=\box41
\LT@foot=\box42
\LT@lastfoot=\box43
\LT@cols=\count132
\LT@rows=\count133
\c@LT@tables=\count134
\c@LT@chunks=\count135
\LT@p@ftn=\toks37
)
(/usr/share/texmf-dist/tex/latex/float/float.sty
Package: float 2001/11/08 v1.3d Float enhancements (AL)
\c@float@type=\count136
\float@exts=\toks38
\float@box=\box44
\@float@everytoks=\toks39
\@floatcapt=\box45
)
(/usr/share/texmf-dist/tex/latex/caption/subcaption.sty
Package: subcaption 2018/05/01 v1.1-162 Sub-captions (AR)
\c@subfigure=\count137
\c@subtable=\count138
)
(/usr/share/texmf-dist/tex/latex/natbib/natbib.sty
Package: natbib 2010/09/13 8.31b (PWD, AO)
\bibhang=\skip52
\bibsep=\skip53
LaTeX Info: Redefining \cite on input line 694.
\c@NAT@ctr=\count139
)
Package csquotes Info: Checking for multilingual support...
Package csquotes Info: ... none found.


Package csquotes Warning: No multilingual support.
(csquotes)                Cannot enable multilingual quotes on input line 65.


LaTeX Warning: Unused global option(s):
    [liststotoc,consistentlayout].

(./main.aux (./pres/title.aux) (./pres/approval.aux) (./pres/declaration.aux)
(./pres/abstract.aux) (./pres/acknowledgement.aux) (./chaps/chap10.aux)
(./chaps/chap11.aux) (./chaps/chap12.aux) (./chaps/chap13.aux)
(./chaps/chap14.aux

LaTeX Warning: Label `table:util' multiply defined.


LaTeX Warning: Label `table:util' multiply defined.


LaTeX Warning: Label `table:util' multiply defined.


LaTeX Warning: Label `table:compareutils' multiply defined.


LaTeX Warning: Label `table:compareutils' multiply defined.


LaTeX Warning: Label `table:compareutils' multiply defined.

) (./chaps/chap15.aux) (./pres/bibliography.aux))
\openout1 = `main.aux'.

LaTeX Font Info:    Checking defaults for OML/cmm/m/it on input line 65.
LaTeX Font Info:    ... okay on input line 65.
LaTeX Font Info:    Checking defaults for T1/cmr/m/n on input line 65.
LaTeX Font Info:    ... okay on input line 65.
LaTeX Font Info:    Checking defaults for OT1/cmr/m/n on input line 65.
LaTeX Font Info:    ... okay on input line 65.
LaTeX Font Info:    Checking defaults for OMS/cmsy/m/n on input line 65.
LaTeX Font Info:    ... okay on input line 65.
LaTeX Font Info:    Checking defaults for OMX/cmex/m/n on input line 65.
LaTeX Font Info:    ... okay on input line 65.
LaTeX Font Info:    Checking defaults for U/cmr/m/n on input line 65.
LaTeX Font Info:    ... okay on input line 65.
LaTeX Font Info:    Try loading font information for T1+ptm on input line 65.

(/usr/share/texmf-dist/tex/latex/psnfss/t1ptm.fd
File: t1ptm.fd 2001/06/04 font definitions for T1/ptm.
)
(/usr/share/texmf-dist/tex/context/base/mkii/supp-pdf.mkii
[Loading MPS to PDF converter (version 2006.09.02).]
\scratchcounter=\count140
\scratchdimen=\dimen182
\scratchbox=\box46
\nofMPsegments=\count141
\nofMParguments=\count142
\everyMPshowfont=\toks40
\MPscratchCnt=\count143
\MPscratchDim=\dimen183
\MPnumerator=\count144
\makeMPintoPDFobject=\count145
\everyMPtoPDFconversion=\toks41
) (/usr/share/texmf-dist/tex/latex/oberdiek/epstopdf-base.sty
Package: epstopdf-base 2016/05/15 v2.6 Base part for package epstopdf

(/usr/share/texmf-dist/tex/generic/oberdiek/infwarerr.sty
Package: infwarerr 2016/05/16 v1.4 Providing info/warning/error messages (HO)
)
(/usr/share/texmf-dist/tex/latex/oberdiek/grfext.sty
Package: grfext 2016/05/16 v1.2 Manage graphics extensions (HO)

(/usr/share/texmf-dist/tex/generic/oberdiek/kvdefinekeys.sty
Package: kvdefinekeys 2016/05/16 v1.4 Define keys (HO)

(/usr/share/texmf-dist/tex/generic/oberdiek/ltxcmds.sty
Package: ltxcmds 2016/05/16 v1.23 LaTeX kernel commands for general use (HO)
)))
(/usr/share/texmf-dist/tex/latex/oberdiek/kvoptions.sty
Package: kvoptions 2016/05/16 v3.12 Key value format for package options (HO)

(/usr/share/texmf-dist/tex/generic/oberdiek/kvsetkeys.sty
Package: kvsetkeys 2016/05/16 v1.17 Key value parser (HO)

(/usr/share/texmf-dist/tex/generic/oberdiek/etexcmds.sty
Package: etexcmds 2016/05/16 v1.6 Avoid name clashes with e-TeX commands (HO)

(/usr/share/texmf-dist/tex/generic/oberdiek/ifluatex.sty
Package: ifluatex 2016/05/16 v1.4 Provides the ifluatex switch (HO)
Package ifluatex Info: LuaTeX not detected.
)
Package etexcmds Info: Could not find \expanded.
(etexcmds)             That can mean that you are not using pdfTeX 1.50 or
(etexcmds)             that some package has redefined \expanded.
(etexcmds)             In the latter case, load this package earlier.
)))
(/usr/share/texmf-dist/tex/generic/oberdiek/pdftexcmds.sty
Package: pdftexcmds 2018/01/30 v0.27 Utility functions of pdfTeX for LuaTeX (HO
)
Package pdftexcmds Info: LuaTeX not detected.
Package pdftexcmds Info: \pdf@primitive is available.
Package pdftexcmds Info: \pdf@ifprimitive is available.
Package pdftexcmds Info: \pdfdraftmode found.
)
Package epstopdf-base Info: Redefining graphics rule for `.eps' on input line 4
38.
Package grfext Info: Graphics extension search list:
(grfext)             [.pdf,.png,.jpg,.mps,.jpeg,.jbig2,.jb2,.PDF,.PNG,.JPG,.JPE
G,.JBIG2,.JB2,.eps]
(grfext)             \AppendGraphicsExtensions on input line 456.

(/usr/share/texmf-dist/tex/latex/latexconfig/epstopdf-sys.cfg
File: epstopdf-sys.cfg 2010/07/13 v1.3 Configuration of (r)epstopdf for TeX Liv
e
))
*geometry* driver: auto-detecting
*geometry* detected driver: pdftex
*geometry* verbose mode - [ preamble ] result:
* driver: pdftex
* paper: a4paper
* layout: <same size as paper>
* layoutoffset:(h,v)=(0.0pt,0.0pt)
* modes: 
* h-part:(L,W,R)=(113.81102pt, 412.56497pt, 71.13188pt)
* v-part:(T,H,B)=(71.13188pt, 702.78308pt, 71.13188pt)
* \paperwidth=597.50787pt
* \paperheight=845.04684pt
* \textwidth=412.56497pt
* \textheight=702.78308pt
* \oddsidemargin=41.54103pt
* \evensidemargin=41.54103pt
* \topmargin=-38.1381pt
* \headheight=12.0pt
* \headsep=25.0pt
* \topskip=12.0pt
* \footskip=30.0pt
* \marginparwidth=44.0pt
* \marginparsep=10.0pt
* \columnsep=10.0pt
* \skip\footins=10.8pt plus 4.0pt minus 2.0pt
* \hoffset=0.0pt
* \voffset=0.0pt
* \mag=1000
* \@twocolumnfalse
* \@twosidefalse
* \@mparswitchfalse
* \@reversemarginfalse
* (1in=72.27pt=25.4mm, 1cm=28.453pt)

Package caption Info: Begin \AtBeginDocument code.
Package caption Info: float package is loaded.
Package caption Info: longtable package is loaded.
(/usr/share/texmf-dist/tex/latex/caption/ltcaption.sty
Package: ltcaption 2013/06/09 v1.4-94 longtable captions (AR)
)
Package caption Info: End \AtBeginDocument code.

ABD: EveryShipout initializing macros
\openout2 = `pres/title.aux'.

 (./pres/title.tex [1


{/var/lib/texmf/fonts/map/pdftex/updmap/pdftex.map}]) [2]
\openout2 = `pres/approval.aux'.

 (./pres/approval.tex
! Missing } inserted.
<inserted text> 
                }
l.24 \endgroup
              
? 
) [3


]
\openout2 = `pres/declaration.aux'.

 (./pres/declaration.tex
! Missing { inserted.
<to be read again> 
                   \parindent 
l.1 \chapter*{Declaration of Originality}
                                         
? 
LaTeX Font Info:    Try loading font information for OMS+ptm on input line 7.
(/usr/share/texmf-dist/tex/latex/psnfss/omsptm.fd
File: omsptm.fd 
)
LaTeX Font Info:    Font shape `OMS/ptm/m/n' in size <12> not available
(Font)              Font shape `OMS/cmsy/m/n' tried instead on input line 7.
) [4



]
\openout2 = `pres/abstract.aux'.

 (./pres/abstract.tex
! Missing { inserted.
<to be read again> 
                   \parindent 
l.1 \chapter*{Abstract}
                       
? 
[5



]
! Missing { inserted.
<to be read again> 
                   \parindent 
l.8 \chapter*{Özet}
                    
? 
) [6

]
\openout2 = `pres/acknowledgement.aux'.

 (./pres/acknowledgement.tex
! Missing { inserted.
<to be read again> 
                   \parindent 
l.1 \chapter*{Acknowledgements}
                               
? 
LaTeX Font Info:    Font shape `T1/ptm/bx/n' in size <12> not available
(Font)              Font shape `T1/ptm/b/n' tried instead on input line 3.
) [7



]
! Missing { inserted.
<to be read again> 
                   \parindent 
l.73 \tableofcontents
                     
? 
(./main.toc [8


])
\tf@toc=\write4
\openout4 = `main.toc'.

 [9]
! Missing { inserted.
<to be read again> 
                   \parindent 
l.74 \listoffigures
                   
? 
(./main.lof [10

]
Overfull \hbox (1.21956pt too wide) in paragraph at lines 16--16
[]|\T1/ptm/m/n/12 Figure 4.12. Munk's stock and hous-ing shares for dif-fer-ent
 wage growth, stock- 
 []

)
\tf@lof=\write5
\openout5 = `main.lof'.

 [11]
! Missing { inserted.
<to be read again> 
                   \parindent 
l.75 \listoftables
                  
? 
(./main.lot)
\tf@lot=\write6
\openout6 = `main.lot'.

 [12

]
\openout2 = `chaps/chap10.aux'.

 (./chaps/chap10.tex
Chapter 1.
! Missing { inserted.
<to be read again> 
                   \parindent 
l.1 \chapter{Introduction}
                           % Main chapter title
? 
[1



] [2]) [3]
\openout2 = `chaps/chap11.aux'.

 (./chaps/chap11.tex
Chapter 2.
! Missing { inserted.
<to be read again> 
                   \parindent 
l.1 \chapter{Literature Review}
                                % Main chapter title
? 
! Undefined control sequence.
l.12 \paraphraph
                {}These results were inconsistent with the popular financial...

? 
! Undefined control sequence.
l.20 \paraphraph
                {}\citet{bodie} solved this problem by adding human capital ...

? 
[4



]
! Undefined control sequence.
l.40 \paraphraph
                {}\citet{cocco} found that this force was housing investment...

? 
! Undefined control sequence.
l.42 \paraphraph
                {}\citet{munk} found the same patterns using a series of one...

? 
! Undefined control sequence.
l.44 \paraphraph
                {}Finally, \citet{ascheberg} illustrated the existence of lo...

? 
) [5]
\openout2 = `chaps/chap12.aux'.

 (./chaps/chap12.tex
Chapter 3.
! Missing { inserted.
<to be read again> 
                   \parindent 
l.1 \chapter{Model}
                   
? 

Overfull \hbox (4.5861pt too wide) detected at line 28
\OML/cmm/m/it/12 ^^Y[] \OT1/cmr/m/n/12 = [] \OMS/cmsy/m/n/12 ^^A [] [] ^^@ [] ^
^A [][]
 []

[6



] [7]) [8]
\openout2 = `chaps/chap13.aux'.

 (./chaps/chap13.tex
Chapter 4.
! Missing { inserted.
<to be read again> 
                   \parindent 
l.1 \chapter{Data and simulation}
                                 
? 
<figs/bist.pdf, id=78, 505.89pt x 505.89pt>
File: figs/bist.pdf Graphic file (type pdf)
<use figs/bist.pdf>
Package pdftex.def Info: figs/bist.pdf  used on input line 14.
(pdftex.def)             Requested size: 202.3524pt x 202.3524pt.

Overfull \hbox (16.69943pt too wide) in paragraph at lines 14--15
 [][] 
 []

<figs/reidin.pdf, id=79, 505.89pt x 505.89pt>
File: figs/reidin.pdf Graphic file (type pdf)
<use figs/reidin.pdf>
Package pdftex.def Info: figs/reidin.pdf  used on input line 21.
(pdftex.def)             Requested size: 202.3524pt x 202.3524pt.

Overfull \hbox (16.69943pt too wide) in paragraph at lines 21--22
 [][] 
 []

[9



 <./figs/bist.pdf> <./figs/reidin.pdf>]
<figs/wage2median.pdf, id=95, 505.89pt x 505.89pt>
File: figs/wage2median.pdf Graphic file (type pdf)
<use figs/wage2median.pdf>
Package pdftex.def Info: figs/wage2median.pdf  used on input line 31.
(pdftex.def)             Requested size: 202.3524pt x 202.3524pt.
 [10 <./figs/wage2median.pdf>]
<figs/survival.pdf, id=105, 505.89pt x 505.89pt>
File: figs/survival.pdf Graphic file (type pdf)
<use figs/survival.pdf>
Package pdftex.def Info: figs/survival.pdf  used on input line 55.
(pdftex.def)             Requested size: 151.76816pt x 151.76816pt.


LaTeX Warning: `!h' float specifier changed to `!ht'.

[11 <./figs/survival.pdf>]
<figs/wage2educ.pdf, id=115, 505.89pt x 505.89pt>
File: figs/wage2educ.pdf Graphic file (type pdf)
<use figs/wage2educ.pdf>
Package pdftex.def Info: figs/wage2educ.pdf  used on input line 101.
(pdftex.def)             Requested size: 202.3524pt x 202.3524pt.


LaTeX Warning: `h' float specifier changed to `ht'.


Overfull \hbox (0.99712pt too wide) in paragraph at lines 106--107
[]\T1/ptm/m/n/12 We use un-der-grad-u-ate ed-u-ca-tion, high school ed-u-ca-tio
n, and no school-ing, to model
 []

[12]
<figs/wage2sec.pdf, id=119, 505.89pt x 505.89pt>
File: figs/wage2sec.pdf Graphic file (type pdf)
<use figs/wage2sec.pdf>
Package pdftex.def Info: figs/wage2sec.pdf  used on input line 134.
(pdftex.def)             Requested size: 202.3524pt x 202.3524pt.
 [13 <./figs/wage2educ.pdf>]

LaTeX Warning: `!h' float specifier changed to `!ht'.

[14 <./figs/wage2sec.pdf>]
<figs/humancapital.pdf, id=137, 505.89pt x 505.89pt>
File: figs/humancapital.pdf Graphic file (type pdf)
<use figs/humancapital.pdf>
Package pdftex.def Info: figs/humancapital.pdf  used on input line 178.
(pdftex.def)             Requested size: 202.3524pt x 202.3524pt.

Overfull \hbox (16.69943pt too wide) in paragraph at lines 178--179
 [][] 
 []

<figs/fincapital.pdf, id=138, 505.89pt x 505.89pt>
File: figs/fincapital.pdf Graphic file (type pdf)
<use figs/fincapital.pdf>
Package pdftex.def Info: figs/fincapital.pdf  used on input line 185.
(pdftex.def)             Requested size: 202.3524pt x 202.3524pt.

Overfull \hbox (16.69943pt too wide) in paragraph at lines 185--186
 [][] 
 []

[15 <./figs/humancapital.pdf> <./figs/fincapital.pdf>]
<figs/defaults.pdf, id=152, 505.89pt x 505.89pt>
File: figs/defaults.pdf Graphic file (type pdf)
<use figs/defaults.pdf>
Package pdftex.def Info: figs/defaults.pdf  used on input line 226.
(pdftex.def)             Requested size: 202.3524pt x 202.3524pt.
 [16 <./figs/defaults.pdf>]
<figs/individuals15.pdf, id=161, 505.89pt x 505.89pt>
File: figs/individuals15.pdf Graphic file (type pdf)
<use figs/individuals15.pdf>
Package pdftex.def Info: figs/individuals15.pdf  used on input line 240.
(pdftex.def)             Requested size: 151.76816pt x 151.76816pt.
<figs/individuals3.pdf, id=162, 505.89pt x 505.89pt>
File: figs/individuals3.pdf Graphic file (type pdf)
<use figs/individuals3.pdf>
Package pdftex.def Info: figs/individuals3.pdf  used on input line 246.
(pdftex.def)             Requested size: 151.76816pt x 151.76816pt.
<figs/individuals5.pdf, id=163, 505.89pt x 505.89pt>
File: figs/individuals5.pdf Graphic file (type pdf)
<use figs/individuals5.pdf>
Package pdftex.def Info: figs/individuals5.pdf  used on input line 253.
(pdftex.def)             Requested size: 151.76816pt x 151.76816pt.
<figs/individuals10.pdf, id=164, 505.89pt x 505.89pt>
File: figs/individuals10.pdf Graphic file (type pdf)
<use figs/individuals10.pdf>
Package pdftex.def Info: figs/individuals10.pdf  used on input line 259.
(pdftex.def)             Requested size: 151.76816pt x 151.76816pt.
 [17 <./figs/individuals15.pdf> <./figs/individuals3.pdf>]
<figs/smunkhouse15.pdf, id=179, 505.89pt x 505.89pt>
File: figs/smunkhouse15.pdf Graphic file (type pdf)
<use figs/smunkhouse15.pdf>
Package pdftex.def Info: figs/smunkhouse15.pdf  used on input line 273.
(pdftex.def)             Requested size: 151.76816pt x 151.76816pt.
<figs/hmunkhouse15.pdf, id=180, 505.89pt x 505.89pt>
File: figs/hmunkhouse15.pdf Graphic file (type pdf)
<use figs/hmunkhouse15.pdf>
Package pdftex.def Info: figs/hmunkhouse15.pdf  used on input line 279.
(pdftex.def)             Requested size: 151.76816pt x 151.76816pt.
<figs/smunkhouse3.pdf, id=181, 505.89pt x 505.89pt>
File: figs/smunkhouse3.pdf Graphic file (type pdf)
<use figs/smunkhouse3.pdf>
Package pdftex.def Info: figs/smunkhouse3.pdf  used on input line 286.
(pdftex.def)             Requested size: 151.76816pt x 151.76816pt.
<figs/hmunkhouse3.pdf, id=182, 505.89pt x 505.89pt>
File: figs/hmunkhouse3.pdf Graphic file (type pdf)
<use figs/hmunkhouse3.pdf>
Package pdftex.def Info: figs/hmunkhouse3.pdf  used on input line 292.
(pdftex.def)             Requested size: 151.76816pt x 151.76816pt.
<figs/smunkhouse5.pdf, id=183, 505.89pt x 505.89pt>
File: figs/smunkhouse5.pdf Graphic file (type pdf)
<use figs/smunkhouse5.pdf>
Package pdftex.def Info: figs/smunkhouse5.pdf  used on input line 299.
(pdftex.def)             Requested size: 151.76816pt x 151.76816pt.
<figs/hmunkhouse5.pdf, id=184, 505.89pt x 505.89pt>
File: figs/hmunkhouse5.pdf Graphic file (type pdf)
<use figs/hmunkhouse5.pdf>
Package pdftex.def Info: figs/hmunkhouse5.pdf  used on input line 305.
(pdftex.def)             Requested size: 151.76816pt x 151.76816pt.
 [18 <./figs/individuals5.pdf> <./figs/individuals10.pdf> <./figs/smunkhouse15.
pdf> <./figs/hmunkhouse15.pdf>]
<figs/smunkhouse10.pdf, id=208, 505.89pt x 505.89pt>
File: figs/smunkhouse10.pdf Graphic file (type pdf)
<use figs/smunkhouse10.pdf>
Package pdftex.def Info: figs/smunkhouse10.pdf  used on input line 312.
(pdftex.def)             Requested size: 151.76816pt x 151.76816pt.
<figs/hmunkhouse10.pdf, id=209, 505.89pt x 505.89pt>
File: figs/hmunkhouse10.pdf Graphic file (type pdf)
<use figs/hmunkhouse10.pdf>
Package pdftex.def Info: figs/hmunkhouse10.pdf  used on input line 318.
(pdftex.def)             Requested size: 151.76816pt x 151.76816pt.
) [19 <./figs/smunkhouse3.pdf> <./figs/hmunkhouse3.pdf> <./figs/smunkhouse5.pdf
> <./figs/hmunkhouse5.pdf> <./figs/smunkhouse10.pdf> <./figs/hmunkhouse10.pdf>]
\openout2 = `chaps/chap14.aux'.

 (./chaps/chap14.tex
Chapter 5.
! Missing { inserted.
<to be read again> 
                   \parindent 
l.1 \chapter{Results}
                     
? 
[20



]
*geometry* verbose mode - [ newgeometry ] result:
* driver: pdftex
* paper: a4paper
* layout: <same size as paper>
* layoutoffset:(h,v)=(0.0pt,0.0pt)
* modes: 
* h-part:(L,W,R)=(48.36958pt, 459.5112pt, 89.62709pt)
* v-part:(T,H,B)=(101.40665pt, 591.5302pt, 152.11pt)
* \paperwidth=597.50787pt
* \paperheight=845.04684pt
* \textwidth=459.5112pt
* \textheight=591.5302pt
* \oddsidemargin=-23.9004pt
* \evensidemargin=-23.9004pt
* \topmargin=-7.86334pt
* \headheight=12.0pt
* \headsep=25.0pt
* \topskip=12.0pt
* \footskip=30.0pt
* \marginparwidth=44.0pt
* \marginparsep=10.0pt
* \columnsep=10.0pt
* \skip\footins=10.8pt plus 4.0pt minus 2.0pt
* \hoffset=0.0pt
* \voffset=0.0pt
* \mag=1000
* \@twocolumnfalse
* \@twosidefalse
* \@mparswitchfalse
* \@reversemarginfalse
* (1in=72.27pt=25.4mm, 1cm=28.453pt)


Overfull \hbox (43.0583pt too wide) in paragraph at lines 35--80
 [][] 
 []


LaTeX Warning: Float too large for page by 91.8688pt on input line 80.


LaTeX Warning: `!h' float specifier changed to `!ht'.

[21] [22


]
*geometry* verbose mode - [ newgeometry ] result:
* driver: pdftex
* paper: a4paper
* layout: <same size as paper>
* layoutoffset:(h,v)=(0.0pt,0.0pt)
* modes: 
* h-part:(L,W,R)=(2.84544pt, 505.03534pt, 89.62709pt)
* v-part:(T,H,B)=(101.40665pt, 591.5302pt, 152.11pt)
* \paperwidth=597.50787pt
* \paperheight=845.04684pt
* \textwidth=505.03534pt
* \textheight=591.5302pt
* \oddsidemargin=-69.42455pt
* \evensidemargin=-69.42455pt
* \topmargin=-7.86334pt
* \headheight=12.0pt
* \headsep=25.0pt
* \topskip=12.0pt
* \footskip=30.0pt
* \marginparwidth=44.0pt
* \marginparsep=10.0pt
* \columnsep=10.0pt
* \skip\footins=10.8pt plus 4.0pt minus 2.0pt
* \hoffset=0.0pt
* \voffset=0.0pt
* \mag=1000
* \@twocolumnfalse
* \@twosidefalse
* \@mparswitchfalse
* \@reversemarginfalse
* (1in=72.27pt=25.4mm, 1cm=28.453pt)


Overfull \hbox (26.65817pt too wide) in paragraph at lines 96--118
 [][] 
 []


Overfull \hbox (58.66222pt too wide) in paragraph at lines 123--145
 [][] 
 []


LaTeX Warning: `!h' float specifier changed to `!ht'.


Overfull \hbox (81.34306pt too wide) in paragraph at lines 150--172
 [][] 
 []


LaTeX Warning: `!h' float specifier changed to `!ht'.


Overfull \hbox (90.00668pt too wide) in paragraph at lines 177--199
 [][] 
 []


LaTeX Warning: `!h' float specifier changed to `!ht'.

[23

] [24] [25] [26] [27

]
*geometry* verbose mode - [ newgeometry ] result:
* driver: pdftex
* paper: a4paper
* layout: <same size as paper>
* layoutoffset:(h,v)=(0.0pt,0.0pt)
* modes: 
* h-part:(L,W,R)=(1.42271pt, 506.45807pt, 89.62709pt)
* v-part:(T,H,B)=(101.40665pt, 591.5302pt, 152.11pt)
* \paperwidth=597.50787pt
* \paperheight=845.04684pt
* \textwidth=506.45807pt
* \textheight=591.5302pt
* \oddsidemargin=-70.84727pt
* \evensidemargin=-70.84727pt
* \topmargin=-7.86334pt
* \headheight=12.0pt
* \headsep=25.0pt
* \topskip=12.0pt
* \footskip=30.0pt
* \marginparwidth=44.0pt
* \marginparsep=10.0pt
* \columnsep=10.0pt
* \skip\footins=10.8pt plus 4.0pt minus 2.0pt
* \hoffset=0.0pt
* \voffset=0.0pt
* \mag=1000
* \@twocolumnfalse
* \@twosidefalse
* \@mparswitchfalse
* \@reversemarginfalse
* (1in=72.27pt=25.4mm, 1cm=28.453pt)


Overfull \hbox (75.30688pt too wide) in paragraph at lines 213--226
 [][] 
 []


Overfull \hbox (87.29578pt too wide) in paragraph at lines 231--244
 [][] 
 []


Overfull \hbox (84.29578pt too wide) in paragraph at lines 249--262
 [][] 
 []


LaTeX Warning: `!h' float specifier changed to `!ht'.


Overfull \hbox (98.77148pt too wide) in paragraph at lines 267--280
 [][] 
 []


LaTeX Warning: `!h' float specifier changed to `!ht'.

[28

] [29]) [30

]
\openout2 = `chaps/chap15.aux'.

 (./chaps/chap15.tex
Chapter 6.
! Missing { inserted.
<to be read again> 
                   \parindent 
l.1 \chapter{Conclusion}
                        
? 
) [31



]
\openout2 = `pres/bibliography.aux'.

 (./pres/bibliography.tex
! Missing { inserted.
<to be read again> 
                   \parindent 
l.1 \chapter*{References}
                         
? 
[32



]) [33] (./apps/1appa.tex
Appendix A.
! Missing { inserted.
<to be read again> 
                   \parindent 
l.1 \chapter{Ascheberg's correlation structure}
                                               
? 

Overfull \hbox (55.8353pt too wide) detected at line 15
[] \OT1/cmr/m/n/12 = \OML/cmm/m/it/12 ^^V[] \OT1/cmr/m/n/12 + \OML/cmm/m/it/12 
^^[[] \OMS/cmsy/m/n/12 ^^A []
 []


Overfull \hbox (21.32088pt too wide) in paragraph at lines 20--21
[]\T1/ptm/m/n/12 Notice that the variance-covariance ma-trix of an i.i.d. ran-d
om vec-tor $\OT1/cmr/m/n/12 
 = (\OML/cmm/m/it/12 ^^O[]; ^^O[]; :::; ^^O[]\OT1/cmr/m/n/12 )$
 []

[34


]) (./apps/1appb.tex [35]
Appendix B.
! Missing { inserted.
<to be read again> 
                   \parindent 
l.1 \chapter{Parameter Calibrations}
                                    
? 
<figs/bistdiff.pdf, id=297, 505.89pt x 505.89pt>
File: figs/bistdiff.pdf Graphic file (type pdf)
<use figs/bistdiff.pdf>
Package pdftex.def Info: figs/bistdiff.pdf  used on input line 10.
(pdftex.def)             Requested size: 151.76816pt x 151.76816pt.
[36

 <./figs/bistdiff.pdf>]
<figs/reidindiff.pdf, id=306, 505.89pt x 505.89pt>
File: figs/reidindiff.pdf Graphic file (type pdf)
<use figs/reidindiff.pdf>
Package pdftex.def Info: figs/reidindiff.pdf  used on input line 35.
(pdftex.def)             Requested size: 151.76816pt x 151.76816pt.
<figs/wagediff.pdf, id=307, 505.89pt x 505.89pt>
File: figs/wagediff.pdf Graphic file (type pdf)
<use figs/wagediff.pdf>
Package pdftex.def Info: figs/wagediff.pdf  used on input line 61.
(pdftex.def)             Requested size: 151.76816pt x 151.76816pt.


LaTeX Warning: `!h' float specifier changed to `!ht'.

[37 <./figs/reidindiff.pdf>]
<figs/heterwage.pdf, id=317, 505.89pt x 505.89pt>
File: figs/heterwage.pdf Graphic file (type pdf)
<use figs/heterwage.pdf>
Package pdftex.def Info: figs/heterwage.pdf  used on input line 98.
(pdftex.def)             Requested size: 151.76816pt x 151.76816pt.


LaTeX Warning: `!h' float specifier changed to `!ht'.

) [38 <./figs/wagediff.pdf>] [39 <./figs/heterwage.pdf>] (./main.aux
(./pres/title.aux) (./pres/approval.aux) (./pres/declaration.aux)
(./pres/abstract.aux) (./pres/acknowledgement.aux) (./chaps/chap10.aux)
(./chaps/chap11.aux) (./chaps/chap12.aux) (./chaps/chap13.aux)
(./chaps/chap14.aux) (./chaps/chap15.aux) (./pres/bibliography.aux))

LaTeX Warning: There were multiply-defined labels.

 )
(\end occurred inside a group at level 16)

### simple group (level 16) entered at line 1 ({)
### simple group (level 15) entered at line 1 ({)
### simple group (level 14) entered at line 1 ({)
### simple group (level 13) entered at line 1 ({)
### simple group (level 12) entered at line 1 ({)
### simple group (level 11) entered at line 1 ({)
### simple group (level 10) entered at line 1 ({)
### simple group (level 9) entered at line 1 ({)
### simple group (level 8) entered at line 1 ({)
### simple group (level 7) entered at line 75 ({)
### simple group (level 6) entered at line 74 ({)
### simple group (level 5) entered at line 73 ({)
### simple group (level 4) entered at line 1 ({)
### simple group (level 3) entered at line 8 ({)
### simple group (level 2) entered at line 1 ({)
### simple group (level 1) entered at line 1 ({)
### bottom level 
Here is how much of TeX's memory you used:
 16026 strings out of 492642
 298980 string characters out of 6135565
 395133 words of memory out of 5000000
 19491 multiletter control sequences out of 15000+600000
 30284 words of font info for 48 fonts, out of 8000000 for 9000
 1141 hyphenation exceptions out of 8191
 55i,11n,54p,917b,1024s stack positions out of 5000i,500n,10000p,200000b,80000s
{/usr/share/texmf-dist/fonts/enc/dvips/base/8r.enc}</usr/share/
texmf-dist/fonts/type1/public/amsfonts/cm/cmex10.pfb></usr/share/texmf-dist/fon
ts/type1/public/amsfonts/cm/cmmi10.pfb></usr/share/texmf-dist/fonts/type1/publi
c/amsfonts/cm/cmmi12.pfb></usr/share/texmf-dist/fonts/type1/public/amsfonts/cm/
cmmi6.pfb></usr/share/texmf-dist/fonts/type1/public/amsfonts/cm/cmmi8.pfb></usr
/share/texmf-dist/fonts/type1/public/amsfonts/cm/cmr10.pfb></usr/share/texmf-di
st/fonts/type1/public/amsfonts/cm/cmr12.pfb></usr/share/texmf-dist/fonts/type1/
public/amsfonts/cm/cmr6.pfb></usr/share/texmf-dist/fonts/type1/public/amsfonts/
cm/cmr8.pfb></usr/share/texmf-dist/fonts/type1/public/amsfonts/cm/cmsy10.pfb></
usr/share/texmf-dist/fonts/type1/public/amsfonts/cm/cmsy6.pfb></usr/share/texmf
-dist/fonts/type1/public/amsfonts/cm/cmsy8.pfb></usr/share/texmf-dist/fonts/typ
e1/urw/times/utmr8a.pfb></usr/share/texmf-dist/fonts/type1/urw/times/utmri8a.pf
b>
Output written on main.pdf (51 pages, 375109 bytes).
PDF statistics:
 384 PDF objects out of 1000 (max. 8388607)
 264 compressed objects within 3 object streams
 0 named destinations out of 1000 (max. 500000)
 138 words of extra memory for PDF output out of 10000 (max. 10000000)

