\BOOKMARK [0][-]{section*.1}{\376\377\000D\000e\000c\000l\000a\000r\000a\000t\000i\000o\000n\000\040\000o\000f\000\040\000A\000u\000t\000h\000o\000r\000s\000h\000i\000p}{}% 1
\BOOKMARK [0][-]{section*.2}{\376\377\000A\000b\000s\000t\000r\000a\000c\000t}{}% 2
\BOOKMARK [0][-]{section*.4}{\376\377\000A\000c\000k\000n\000o\000w\000l\000e\000d\000g\000e\000m\000e\000n\000t\000s}{}% 3
\BOOKMARK [0][-]{chapter.11}{\376\377\000I\000n\000t\000r\000o\000d\000u\000c\000t\000i\000o\000n}{}% 4
\BOOKMARK [1][-]{section.12}{\376\377\000T\000u\000r\000k\000i\000s\000h\000\040\000P\000e\000n\000s\000i\000o\000n\000\040\000S\000y\000s\000t\000e\000m}{chapter.11}% 5
\BOOKMARK [1][-]{section.13}{\376\377\000T\000h\000e\000o\000r\000y\000\040\000a\000n\000d\000\040\000H\000e\000u\000r\000i\000s\000t\000i\000c\000s\000\040\000o\000f\000\040\000L\000i\000f\000e\000-\000c\000y\000c\000l\000e\000\040\000I\000n\000v\000e\000s\000t\000m\000e\000n\000t\000s}{chapter.11}% 6
\BOOKMARK [1][-]{section.14}{\376\377\000F\000o\000c\000u\000s\000\040\000o\000f\000\040\000t\000h\000i\000s\000\040\000T\000h\000e\000s\000i\000s}{chapter.11}% 7
\BOOKMARK [0][-]{chapter.15}{\376\377\000L\000i\000t\000e\000r\000a\000t\000u\000r\000e\000\040\000R\000e\000v\000i\000e\000w}{}% 8
\BOOKMARK [1][-]{section.16}{\376\377\000M\000y\000o\000p\000i\000c\000\040\000P\000o\000r\000t\000f\000o\000l\000i\000o\000\040\000C\000h\000o\000i\000c\000e}{chapter.15}% 9
\BOOKMARK [1][-]{section.17}{\376\377\000I\000n\000v\000e\000s\000t\000m\000e\000n\000t\000\040\000o\000v\000e\000r\000\040\000t\000h\000e\000\040\000L\000i\000f\000e\000\040\000C\000y\000c\000l\000e}{chapter.15}% 10
\BOOKMARK [1][-]{section.18}{\376\377\000H\000u\000m\000a\000n\000,\000\040\000H\000o\000u\000s\000i\000n\000g\000\040\000a\000n\000d\000\040\000F\000i\000n\000a\000n\000c\000i\000a\000l\000\040\000W\000e\000a\000l\000t\000h}{chapter.15}% 11
\BOOKMARK [1][-]{section.19}{\376\377\000I\000n\000d\000i\000v\000i\000d\000u\000a\000l\000i\000z\000a\000t\000i\000o\000n\000\040\000v\000s\000.\000\040\000S\000t\000a\000n\000d\000a\000r\000d\000i\000z\000a\000t\000i\000o\000n}{chapter.15}% 12
\BOOKMARK [0][-]{chapter.20}{\376\377\000M\000o\000d\000e\000l}{}% 13
\BOOKMARK [1][-]{section.21}{\376\377\000L\000a\000b\000o\000r\000\040\000i\000n\000c\000o\000m\000e\000\040\000p\000r\000o\000c\000e\000s\000s}{chapter.20}% 14
\BOOKMARK [1][-]{section.22}{\376\377\000C\000o\000r\000r\000e\000l\000a\000t\000i\000o\000n\000s}{chapter.20}% 15
\BOOKMARK [1][-]{section.23}{\376\377\000A\000n\000n\000u\000i\000t\000i\000z\000a\000t\000i\000o\000n\000\040\000o\000f\000\040\000p\000e\000n\000s\000i\000o\000n}{chapter.20}% 16
\BOOKMARK [1][-]{section.24}{\376\377\000W\000e\000l\000f\000a\000r\000e\000\040\000m\000e\000a\000s\000u\000r\000e\000m\000e\000n\000t}{chapter.20}% 17
\BOOKMARK [1][-]{section.25}{\376\377\000I\000n\000d\000i\000v\000i\000d\000u\000a\000l\000i\000z\000a\000t\000i\000o\000n}{chapter.20}% 18
\BOOKMARK [0][-]{chapter.26}{\376\377\000D\000a\000t\000a\000\040\000a\000n\000d\000\040\000R\000e\000s\000e\000a\000r\000c\000h\000\040\000D\000e\000s\000i\000g\000n}{}% 19
\BOOKMARK [1][-]{section.27}{\376\377\000P\000a\000r\000a\000m\000e\000t\000e\000r\000s}{chapter.26}% 20
\BOOKMARK [2][-]{subsection.28}{\376\377\000S\000t\000o\000c\000k}{section.27}% 21
\BOOKMARK [2][-]{subsection.29}{\376\377\000H\000o\000u\000s\000i\000n\000g}{section.27}% 22
\BOOKMARK [3][-]{section*.30}{\376\377\000H\000o\000u\000s\000i\000n\000g\000\040\000m\000a\000r\000k\000e\000t}{subsection.29}% 23
\BOOKMARK [3][-]{section*.31}{\376\377\000H\000o\000u\000s\000e\000\040\000p\000o\000s\000e\000s\000s\000i\000o\000n\000\040\000a\000s\000\040\000i\000n\000d\000i\000v\000i\000d\000u\000a\000l\000i\000z\000a\000t\000i\000o\000n}{subsection.29}% 24
\BOOKMARK [2][-]{subsection.32}{\376\377\000L\000a\000b\000o\000r\000\040\000i\000n\000c\000o\000m\000e}{section.27}% 25
\BOOKMARK [3][-]{section*.33}{\376\377\000P\000a\000n\000e\000l\000\040\000w\000a\000g\000e\000\040\000d\000a\000t\000a}{subsection.32}% 26
\BOOKMARK [3][-]{section*.34}{\376\377\000A\000g\000g\000r\000e\000g\000a\000t\000e\000\040\000w\000a\000g\000e\000s}{subsection.32}% 27
\BOOKMARK [0][-]{chapter.35}{\376\377\000R\000e\000s\000u\000l\000t\000s}{}% 28
\BOOKMARK [0][-]{chapter.36}{\376\377\000C\000o\000n\000c\000l\000u\000s\000i\000o\000n}{}% 29
\BOOKMARK [0][-]{appendix.37}{\376\377\000C\000h\000o\000l\000e\000s\000k\000y\000\040\000a\000d\000j\000u\000s\000t\000e\000d\000\040\000r\000a\000n\000d\000o\000m\000\040\000s\000e\000r\000i\000e\000s}{}% 30
\BOOKMARK [0][-]{appendix.39}{\376\377\000M\000u\000n\000k\000'\000s\000\040\000m\000e\000a\000n\000-\000v\000a\000r\000i\000a\000n\000c\000e\000\040\000s\000o\000l\000u\000t\000i\000o\000n}{}% 31
\BOOKMARK [0][-]{appendix.40}{\376\377\000A\000p\000p\000e\000n\000d\000i\000x\000\040\000T\000i\000t\000l\000e\000\040\000H\000e\000r\000e}{}% 32
\BOOKMARK [0][-]{appendix.41}{\376\377\000A\000p\000p\000e\000n\000d\000i\000x\000\040\000T\000i\000t\000l\000e\000\040\000H\000e\000r\000e}{}% 33
\BOOKMARK [0][-]{appendix.42}{\376\377\000A\000p\000p\000e\000n\000d\000i\000x\000\040\000T\000i\000t\000l\000e\000\040\000H\000e\000r\000e}{}% 34
\BOOKMARK [0][-]{appendix.43}{\376\377\000A\000p\000p\000e\000n\000d\000i\000x\000\040\000T\000i\000t\000l\000e\000\040\000H\000e\000r\000e}{}% 35
